#
# There is insufficient memory for the Java Runtime Environment to continue.
# Native memory allocation (malloc) failed to allocate 32744 bytes for ChunkPool::allocate
# Possible reasons:
#   The system is out of physical RAM or swap space
#   The process is running with CompressedOops enabled, and the Java Heap may be blocking the growth of the native heap
# Possible solutions:
#   Reduce memory load on the system
#   Increase physical memory or swap space
#   Check if swap backing store is full
#   Decrease Java heap size (-Xmx/-Xms)
#   Decrease number of Java threads
#   Decrease Java thread stack sizes (-Xss)
#   Set larger code cache with -XX:ReservedCodeCacheSize=
#   JVM is running with Zero Based Compressed Oops mode in which the Java heap is
#     placed in the first 32GB address space. The Java Heap base address is the
#     maximum limit for the native heap growth. Please use -XX:HeapBaseMinAddress
#     to set the Java Heap base and to place the Java Heap above 32GB virtual address.
# This output file may be truncated or incomplete.
#
#  Out of Memory Error (arena.cpp:78), pid=13688, tid=6456
#
# JRE version: OpenJDK Runtime Environment JBR-17.0.8.1+7-1000.32-jcef (17.0.8.1+7) (build 17.0.8.1+7-b1000.32)
# Java VM: OpenJDK 64-Bit Server VM JBR-17.0.8.1+7-1000.32-jcef (17.0.8.1+7-b1000.32, mixed mode, tiered, compressed oops, compressed class ptrs, g1 gc, windows-amd64)
# No core dump will be written. Minidumps are not enabled by default on client versions of Windows
#

---------------  S U M M A R Y ------------

Command Line: git4idea.http.GitAskPassApp Username for 'https://github.com': 

Host: Intel(R) Core(TM) i5-3570 CPU @ 3.40GHz, 4 cores, 11G,  Windows 10 , 64 bit Build 19041 (10.0.19041.3031)
Time: Mon Oct 23 16:41:26 2023 ora legale Europa occidentale elapsed time: 0.198731 seconds (0d 0h 0m 0s)

---------------  T H R E A D  ---------------

Current thread (0x0000023a68e1cf00):  JavaThread "C2 CompilerThread0" daemon [_thread_in_native, id=6456, stack(0x0000005001a00000,0x0000005001b00000)]


Current CompileTask:
C2:    198  178       4       java.math.BigInteger::destructiveMulAdd (150 bytes)

Stack: [0x0000005001a00000,0x0000005001b00000]
Native frames: (J=compiled Java code, j=interpreted, Vv=VM code, C=native code)
V  [jvm.dll+0x6852da]
V  [jvm.dll+0x844c84]
V  [jvm.dll+0x84659e]
V  [jvm.dll+0x846c03]
V  [jvm.dll+0x24b7cf]
V  [jvm.dll+0xac5dc]
V  [jvm.dll+0xac98c]
V  [jvm.dll+0x2b322c]
V  [jvm.dll+0x58d677]
V  [jvm.dll+0x226182]
V  [jvm.dll+0x21f1e9]
V  [jvm.dll+0x21cb0b]
V  [jvm.dll+0x1a660d]
V  [jvm.dll+0x22c9c8]
V  [jvm.dll+0x22a990]
V  [jvm.dll+0x7f9d3c]
V  [jvm.dll+0x7f415a]
V  [jvm.dll+0x684115]
C  [ucrtbase.dll+0x21bb2]
C  [KERNEL32.DLL+0x17614]
C  [ntdll.dll+0x526f1]


---------------  P R O C E S S  ---------------

Threads class SMR info:
_java_thread_list=0x0000023a6d1b67e0, length=12, elements={
0x0000023a4b07a710, 0x0000023a68e10670, 0x0000023a68e11200, 0x0000023a68e19880,
0x0000023a68e1b160, 0x0000023a68e1ba30, 0x0000023a68e1c300, 0x0000023a68e1cf00,
0x0000023a6d070040, 0x0000023a6d074580, 0x0000023a6d1cb470, 0x0000023a6d1d5a00
}

Java Threads: ( => current thread )
  0x0000023a4b07a710 JavaThread "main" [_thread_in_vm, id=15732, stack(0x0000005000d00000,0x0000005000e00000)]
  0x0000023a68e10670 JavaThread "Reference Handler" daemon [_thread_blocked, id=2552, stack(0x0000005001400000,0x0000005001500000)]
  0x0000023a68e11200 JavaThread "Finalizer" daemon [_thread_blocked, id=9252, stack(0x0000005001500000,0x0000005001600000)]
  0x0000023a68e19880 JavaThread "Signal Dispatcher" daemon [_thread_blocked, id=4168, stack(0x0000005001600000,0x0000005001700000)]
  0x0000023a68e1b160 JavaThread "Attach Listener" daemon [_thread_blocked, id=2148, stack(0x0000005001700000,0x0000005001800000)]
  0x0000023a68e1ba30 JavaThread "Service Thread" daemon [_thread_blocked, id=11764, stack(0x0000005001800000,0x0000005001900000)]
  0x0000023a68e1c300 JavaThread "Monitor Deflation Thread" daemon [_thread_blocked, id=15952, stack(0x0000005001900000,0x0000005001a00000)]
=>0x0000023a68e1cf00 JavaThread "C2 CompilerThread0" daemon [_thread_in_native, id=6456, stack(0x0000005001a00000,0x0000005001b00000)]
  0x0000023a6d070040 JavaThread "C1 CompilerThread0" daemon [_thread_in_native, id=8236, stack(0x0000005001b00000,0x0000005001c00000)]
  0x0000023a6d074580 JavaThread "Sweeper thread" daemon [_thread_blocked, id=12852, stack(0x0000005001c00000,0x0000005001d00000)]
  0x0000023a6d1cb470 JavaThread "Notification Thread" daemon [_thread_blocked, id=15412, stack(0x0000005001d00000,0x0000005001e00000)]
  0x0000023a6d1d5a00 JavaThread "Common-Cleaner" daemon [_thread_blocked, id=7040, stack(0x0000005001f00000,0x0000005002000000)]

Other Threads:
  0x0000023a68e0db40 VMThread "VM Thread" [stack: 0x0000005001300000,0x0000005001400000] [id=13344]
  0x0000023a68d9b650 WatcherThread [stack: 0x0000005001e00000,0x0000005001f00000] [id=132]
  0x0000023a4b0d1ca0 GCTaskThread "GC Thread#0" [stack: 0x0000005000e00000,0x0000005000f00000] [id=12084]
  0x0000023a4b0dfa50 ConcurrentGCThread "G1 Main Marker" [stack: 0x0000005000f00000,0x0000005001000000] [id=1348]
  0x0000023a4b0e0370 ConcurrentGCThread "G1 Conc#0" [stack: 0x0000005001000000,0x0000005001100000] [id=15332]
  0x0000023a4b13dd10 ConcurrentGCThread "G1 Refine#0" [stack: 0x0000005001100000,0x0000005001200000] [id=7640]
  0x0000023a4b13e550 ConcurrentGCThread "G1 Service" [stack: 0x0000005001200000,0x0000005001300000] [id=10596]

Threads with active compile tasks:
C2 CompilerThread0      232  178       4       java.math.BigInteger::destructiveMulAdd (150 bytes)
C1 CompilerThread0      232  176       3       java.math.BigInteger::<init> (404 bytes)

VM state: not at safepoint (normal execution)

VM Mutex/Monitor currently owned by a thread: None

Heap address: 0x0000000740c00000, size: 3060 MB, Compressed Oops mode: Zero based, Oop shift amount: 3

CDS archive(s) not mapped
Compressed class space mapped at: 0x0000000800000000-0x0000000840000000, reserved size: 1073741824
Narrow klass base: 0x0000000800000000, Narrow klass shift: 0, Narrow klass range: 0x40000000

GC Precious Log:
 CPUs: 4 total, 4 available
 Memory: 12232M
 Large Page Support: Disabled
 NUMA Support: Disabled
 Compressed Oops: Enabled (Zero based)
 Heap Region Size: 2M
 Heap Min Capacity: 8M
 Heap Initial Capacity: 192M
 Heap Max Capacity: 3060M
 Pre-touch: Disabled
 Parallel Workers: 4
 Concurrent Workers: 1
 Concurrent Refinement Workers: 4
 Periodic GC: Disabled

Heap:
 garbage-first heap   total 196608K, used 2048K [0x0000000740c00000, 0x0000000800000000)
  region size 2048K, 2 young (4096K), 0 survivors (0K)
 Metaspace       used 6872K, committed 7040K, reserved 1114112K
  class space    used 606K, committed 704K, reserved 1048576K

Heap Regions: E=young(eden), S=young(survivor), O=old, HS=humongous(starts), HC=humongous(continues), CS=collection set, F=free, OA=open archive, CA=closed archive, TAMS=top-at-mark-start (previous, next)
|   0|0x0000000740c00000, 0x0000000740c00000, 0x0000000740e00000|  0%| F|  |TAMS 0x0000000740c00000, 0x0000000740c00000| Untracked 
|   1|0x0000000740e00000, 0x0000000740e00000, 0x0000000741000000|  0%| F|  |TAMS 0x0000000740e00000, 0x0000000740e00000| Untracked 
|   2|0x0000000741000000, 0x0000000741000000, 0x0000000741200000|  0%| F|  |TAMS 0x0000000741000000, 0x0000000741000000| Untracked 
|   3|0x0000000741200000, 0x0000000741200000, 0x0000000741400000|  0%| F|  |TAMS 0x0000000741200000, 0x0000000741200000| Untracked 
|   4|0x0000000741400000, 0x0000000741400000, 0x0000000741600000|  0%| F|  |TAMS 0x0000000741400000, 0x0000000741400000| Untracked 
|   5|0x0000000741600000, 0x0000000741600000, 0x0000000741800000|  0%| F|  |TAMS 0x0000000741600000, 0x0000000741600000| Untracked 
|   6|0x0000000741800000, 0x0000000741800000, 0x0000000741a00000|  0%| F|  |TAMS 0x0000000741800000, 0x0000000741800000| Untracked 
|   7|0x0000000741a00000, 0x0000000741a00000, 0x0000000741c00000|  0%| F|  |TAMS 0x0000000741a00000, 0x0000000741a00000| Untracked 
|   8|0x0000000741c00000, 0x0000000741c00000, 0x0000000741e00000|  0%| F|  |TAMS 0x0000000741c00000, 0x0000000741c00000| Untracked 
|   9|0x0000000741e00000, 0x0000000741e00000, 0x0000000742000000|  0%| F|  |TAMS 0x0000000741e00000, 0x0000000741e00000| Untracked 
|  10|0x0000000742000000, 0x0000000742000000, 0x0000000742200000|  0%| F|  |TAMS 0x0000000742000000, 0x0000000742000000| Untracked 
|  11|0x0000000742200000, 0x0000000742200000, 0x0000000742400000|  0%| F|  |TAMS 0x0000000742200000, 0x0000000742200000| Untracked 
|  12|0x0000000742400000, 0x0000000742400000, 0x0000000742600000|  0%| F|  |TAMS 0x0000000742400000, 0x0000000742400000| Untracked 
|  13|0x0000000742600000, 0x0000000742600000, 0x0000000742800000|  0%| F|  |TAMS 0x0000000742600000, 0x0000000742600000| Untracked 
|  14|0x0000000742800000, 0x0000000742800000, 0x0000000742a00000|  0%| F|  |TAMS 0x0000000742800000, 0x0000000742800000| Untracked 
|  15|0x0000000742a00000, 0x0000000742a00000, 0x0000000742c00000|  0%| F|  |TAMS 0x0000000742a00000, 0x0000000742a00000| Untracked 
|  16|0x0000000742c00000, 0x0000000742c00000, 0x0000000742e00000|  0%| F|  |TAMS 0x0000000742c00000, 0x0000000742c00000| Untracked 
|  17|0x0000000742e00000, 0x0000000742e00000, 0x0000000743000000|  0%| F|  |TAMS 0x0000000742e00000, 0x0000000742e00000| Untracked 
|  18|0x0000000743000000, 0x0000000743000000, 0x0000000743200000|  0%| F|  |TAMS 0x0000000743000000, 0x0000000743000000| Untracked 
|  19|0x0000000743200000, 0x0000000743200000, 0x0000000743400000|  0%| F|  |TAMS 0x0000000743200000, 0x0000000743200000| Untracked 
|  20|0x0000000743400000, 0x0000000743400000, 0x0000000743600000|  0%| F|  |TAMS 0x0000000743400000, 0x0000000743400000| Untracked 
|  21|0x0000000743600000, 0x0000000743600000, 0x0000000743800000|  0%| F|  |TAMS 0x0000000743600000, 0x0000000743600000| Untracked 
|  22|0x0000000743800000, 0x0000000743800000, 0x0000000743a00000|  0%| F|  |TAMS 0x0000000743800000, 0x0000000743800000| Untracked 
|  23|0x0000000743a00000, 0x0000000743a00000, 0x0000000743c00000|  0%| F|  |TAMS 0x0000000743a00000, 0x0000000743a00000| Untracked 
|  24|0x0000000743c00000, 0x0000000743c00000, 0x0000000743e00000|  0%| F|  |TAMS 0x0000000743c00000, 0x0000000743c00000| Untracked 
|  25|0x0000000743e00000, 0x0000000743e00000, 0x0000000744000000|  0%| F|  |TAMS 0x0000000743e00000, 0x0000000743e00000| Untracked 
|  26|0x0000000744000000, 0x0000000744000000, 0x0000000744200000|  0%| F|  |TAMS 0x0000000744000000, 0x0000000744000000| Untracked 
|  27|0x0000000744200000, 0x0000000744200000, 0x0000000744400000|  0%| F|  |TAMS 0x0000000744200000, 0x0000000744200000| Untracked 
|  28|0x0000000744400000, 0x0000000744400000, 0x0000000744600000|  0%| F|  |TAMS 0x0000000744400000, 0x0000000744400000| Untracked 
|  29|0x0000000744600000, 0x0000000744600000, 0x0000000744800000|  0%| F|  |TAMS 0x0000000744600000, 0x0000000744600000| Untracked 
|  30|0x0000000744800000, 0x0000000744800000, 0x0000000744a00000|  0%| F|  |TAMS 0x0000000744800000, 0x0000000744800000| Untracked 
|  31|0x0000000744a00000, 0x0000000744a00000, 0x0000000744c00000|  0%| F|  |TAMS 0x0000000744a00000, 0x0000000744a00000| Untracked 
|  32|0x0000000744c00000, 0x0000000744c00000, 0x0000000744e00000|  0%| F|  |TAMS 0x0000000744c00000, 0x0000000744c00000| Untracked 
|  33|0x0000000744e00000, 0x0000000744e00000, 0x0000000745000000|  0%| F|  |TAMS 0x0000000744e00000, 0x0000000744e00000| Untracked 
|  34|0x0000000745000000, 0x0000000745000000, 0x0000000745200000|  0%| F|  |TAMS 0x0000000745000000, 0x0000000745000000| Untracked 
|  35|0x0000000745200000, 0x0000000745200000, 0x0000000745400000|  0%| F|  |TAMS 0x0000000745200000, 0x0000000745200000| Untracked 
|  36|0x0000000745400000, 0x0000000745400000, 0x0000000745600000|  0%| F|  |TAMS 0x0000000745400000, 0x0000000745400000| Untracked 
|  37|0x0000000745600000, 0x0000000745600000, 0x0000000745800000|  0%| F|  |TAMS 0x0000000745600000, 0x0000000745600000| Untracked 
|  38|0x0000000745800000, 0x0000000745800000, 0x0000000745a00000|  0%| F|  |TAMS 0x0000000745800000, 0x0000000745800000| Untracked 
|  39|0x0000000745a00000, 0x0000000745a00000, 0x0000000745c00000|  0%| F|  |TAMS 0x0000000745a00000, 0x0000000745a00000| Untracked 
|  40|0x0000000745c00000, 0x0000000745c00000, 0x0000000745e00000|  0%| F|  |TAMS 0x0000000745c00000, 0x0000000745c00000| Untracked 
|  41|0x0000000745e00000, 0x0000000745e00000, 0x0000000746000000|  0%| F|  |TAMS 0x0000000745e00000, 0x0000000745e00000| Untracked 
|  42|0x0000000746000000, 0x0000000746000000, 0x0000000746200000|  0%| F|  |TAMS 0x0000000746000000, 0x0000000746000000| Untracked 
|  43|0x0000000746200000, 0x0000000746200000, 0x0000000746400000|  0%| F|  |TAMS 0x0000000746200000, 0x0000000746200000| Untracked 
|  44|0x0000000746400000, 0x0000000746400000, 0x0000000746600000|  0%| F|  |TAMS 0x0000000746400000, 0x0000000746400000| Untracked 
|  45|0x0000000746600000, 0x0000000746600000, 0x0000000746800000|  0%| F|  |TAMS 0x0000000746600000, 0x0000000746600000| Untracked 
|  46|0x0000000746800000, 0x0000000746800000, 0x0000000746a00000|  0%| F|  |TAMS 0x0000000746800000, 0x0000000746800000| Untracked 
|  47|0x0000000746a00000, 0x0000000746a00000, 0x0000000746c00000|  0%| F|  |TAMS 0x0000000746a00000, 0x0000000746a00000| Untracked 
|  48|0x0000000746c00000, 0x0000000746c00000, 0x0000000746e00000|  0%| F|  |TAMS 0x0000000746c00000, 0x0000000746c00000| Untracked 
|  49|0x0000000746e00000, 0x0000000746e00000, 0x0000000747000000|  0%| F|  |TAMS 0x0000000746e00000, 0x0000000746e00000| Untracked 
|  50|0x0000000747000000, 0x0000000747000000, 0x0000000747200000|  0%| F|  |TAMS 0x0000000747000000, 0x0000000747000000| Untracked 
|  51|0x0000000747200000, 0x0000000747200000, 0x0000000747400000|  0%| F|  |TAMS 0x0000000747200000, 0x0000000747200000| Untracked 
|  52|0x0000000747400000, 0x0000000747400000, 0x0000000747600000|  0%| F|  |TAMS 0x0000000747400000, 0x0000000747400000| Untracked 
|  53|0x0000000747600000, 0x0000000747600000, 0x0000000747800000|  0%| F|  |TAMS 0x0000000747600000, 0x0000000747600000| Untracked 
|  54|0x0000000747800000, 0x0000000747800000, 0x0000000747a00000|  0%| F|  |TAMS 0x0000000747800000, 0x0000000747800000| Untracked 
|  55|0x0000000747a00000, 0x0000000747a00000, 0x0000000747c00000|  0%| F|  |TAMS 0x0000000747a00000, 0x0000000747a00000| Untracked 
|  56|0x0000000747c00000, 0x0000000747c00000, 0x0000000747e00000|  0%| F|  |TAMS 0x0000000747c00000, 0x0000000747c00000| Untracked 
|  57|0x0000000747e00000, 0x0000000747e00000, 0x0000000748000000|  0%| F|  |TAMS 0x0000000747e00000, 0x0000000747e00000| Untracked 
|  58|0x0000000748000000, 0x0000000748000000, 0x0000000748200000|  0%| F|  |TAMS 0x0000000748000000, 0x0000000748000000| Untracked 
|  59|0x0000000748200000, 0x0000000748200000, 0x0000000748400000|  0%| F|  |TAMS 0x0000000748200000, 0x0000000748200000| Untracked 
|  60|0x0000000748400000, 0x0000000748400000, 0x0000000748600000|  0%| F|  |TAMS 0x0000000748400000, 0x0000000748400000| Untracked 
|  61|0x0000000748600000, 0x0000000748600000, 0x0000000748800000|  0%| F|  |TAMS 0x0000000748600000, 0x0000000748600000| Untracked 
|  62|0x0000000748800000, 0x0000000748800000, 0x0000000748a00000|  0%| F|  |TAMS 0x0000000748800000, 0x0000000748800000| Untracked 
|  63|0x0000000748a00000, 0x0000000748a00000, 0x0000000748c00000|  0%| F|  |TAMS 0x0000000748a00000, 0x0000000748a00000| Untracked 
|  64|0x0000000748c00000, 0x0000000748c00000, 0x0000000748e00000|  0%| F|  |TAMS 0x0000000748c00000, 0x0000000748c00000| Untracked 
|  65|0x0000000748e00000, 0x0000000748e00000, 0x0000000749000000|  0%| F|  |TAMS 0x0000000748e00000, 0x0000000748e00000| Untracked 
|  66|0x0000000749000000, 0x0000000749000000, 0x0000000749200000|  0%| F|  |TAMS 0x0000000749000000, 0x0000000749000000| Untracked 
|  67|0x0000000749200000, 0x0000000749200000, 0x0000000749400000|  0%| F|  |TAMS 0x0000000749200000, 0x0000000749200000| Untracked 
|  68|0x0000000749400000, 0x0000000749400000, 0x0000000749600000|  0%| F|  |TAMS 0x0000000749400000, 0x0000000749400000| Untracked 
|  69|0x0000000749600000, 0x0000000749600000, 0x0000000749800000|  0%| F|  |TAMS 0x0000000749600000, 0x0000000749600000| Untracked 
|  70|0x0000000749800000, 0x0000000749800000, 0x0000000749a00000|  0%| F|  |TAMS 0x0000000749800000, 0x0000000749800000| Untracked 
|  71|0x0000000749a00000, 0x0000000749a00000, 0x0000000749c00000|  0%| F|  |TAMS 0x0000000749a00000, 0x0000000749a00000| Untracked 
|  72|0x0000000749c00000, 0x0000000749c00000, 0x0000000749e00000|  0%| F|  |TAMS 0x0000000749c00000, 0x0000000749c00000| Untracked 
|  73|0x0000000749e00000, 0x0000000749e00000, 0x000000074a000000|  0%| F|  |TAMS 0x0000000749e00000, 0x0000000749e00000| Untracked 
|  74|0x000000074a000000, 0x000000074a000000, 0x000000074a200000|  0%| F|  |TAMS 0x000000074a000000, 0x000000074a000000| Untracked 
|  75|0x000000074a200000, 0x000000074a200000, 0x000000074a400000|  0%| F|  |TAMS 0x000000074a200000, 0x000000074a200000| Untracked 
|  76|0x000000074a400000, 0x000000074a400000, 0x000000074a600000|  0%| F|  |TAMS 0x000000074a400000, 0x000000074a400000| Untracked 
|  77|0x000000074a600000, 0x000000074a600000, 0x000000074a800000|  0%| F|  |TAMS 0x000000074a600000, 0x000000074a600000| Untracked 
|  78|0x000000074a800000, 0x000000074a800000, 0x000000074aa00000|  0%| F|  |TAMS 0x000000074a800000, 0x000000074a800000| Untracked 
|  79|0x000000074aa00000, 0x000000074aa00000, 0x000000074ac00000|  0%| F|  |TAMS 0x000000074aa00000, 0x000000074aa00000| Untracked 
|  80|0x000000074ac00000, 0x000000074ac00000, 0x000000074ae00000|  0%| F|  |TAMS 0x000000074ac00000, 0x000000074ac00000| Untracked 
|  81|0x000000074ae00000, 0x000000074ae00000, 0x000000074b000000|  0%| F|  |TAMS 0x000000074ae00000, 0x000000074ae00000| Untracked 
|  82|0x000000074b000000, 0x000000074b000000, 0x000000074b200000|  0%| F|  |TAMS 0x000000074b000000, 0x000000074b000000| Untracked 
|  83|0x000000074b200000, 0x000000074b200000, 0x000000074b400000|  0%| F|  |TAMS 0x000000074b200000, 0x000000074b200000| Untracked 
|  84|0x000000074b400000, 0x000000074b400000, 0x000000074b600000|  0%| F|  |TAMS 0x000000074b400000, 0x000000074b400000| Untracked 
|  85|0x000000074b600000, 0x000000074b600000, 0x000000074b800000|  0%| F|  |TAMS 0x000000074b600000, 0x000000074b600000| Untracked 
|  86|0x000000074b800000, 0x000000074b800000, 0x000000074ba00000|  0%| F|  |TAMS 0x000000074b800000, 0x000000074b800000| Untracked 
|  87|0x000000074ba00000, 0x000000074ba00000, 0x000000074bc00000|  0%| F|  |TAMS 0x000000074ba00000, 0x000000074ba00000| Untracked 
|  88|0x000000074bc00000, 0x000000074bc00000, 0x000000074be00000|  0%| F|  |TAMS 0x000000074bc00000, 0x000000074bc00000| Untracked 
|  89|0x000000074be00000, 0x000000074be00000, 0x000000074c000000|  0%| F|  |TAMS 0x000000074be00000, 0x000000074be00000| Untracked 
|  90|0x000000074c000000, 0x000000074c000000, 0x000000074c200000|  0%| F|  |TAMS 0x000000074c000000, 0x000000074c000000| Untracked 
|  91|0x000000074c200000, 0x000000074c200000, 0x000000074c400000|  0%| F|  |TAMS 0x000000074c200000, 0x000000074c200000| Untracked 
|  92|0x000000074c400000, 0x000000074c400000, 0x000000074c600000|  0%| F|  |TAMS 0x000000074c400000, 0x000000074c400000| Untracked 
|  93|0x000000074c600000, 0x000000074c600000, 0x000000074c800000|  0%| F|  |TAMS 0x000000074c600000, 0x000000074c600000| Untracked 
|  94|0x000000074c800000, 0x000000074c83df28, 0x000000074ca00000| 12%| E|  |TAMS 0x000000074c800000, 0x000000074c800000| Complete 
|  95|0x000000074ca00000, 0x000000074cc00000, 0x000000074cc00000|100%| E|CS|TAMS 0x000000074ca00000, 0x000000074ca00000| Complete 

Card table byte_map: [0x0000023a5fbf0000,0x0000023a601f0000] _byte_map_base: 0x0000023a5c1ea000

Marking Bits (Prev, Next): (CMBitMap*) 0x0000023a4b0d31e0, (CMBitMap*) 0x0000023a4b0d3220
 Prev Bits: [0x0000023a607f0000, 0x0000023a637c0000)
 Next Bits: [0x0000023a637c0000, 0x0000023a66790000)

Polling page: 0x0000023a4ffa0000

Metaspace:

Usage:
  Non-class:      6.12 MB used.
      Class:    606.38 KB used.
       Both:      6.71 MB used.

Virtual space:
  Non-class space:       64.00 MB reserved,       6.19 MB ( 10%) committed,  1 nodes.
      Class space:        1.00 GB reserved,     704.00 KB ( <1%) committed,  1 nodes.
             Both:        1.06 GB reserved,       6.88 MB ( <1%) committed. 

Chunk freelists:
   Non-Class:  9.00 MB
       Class:  15.24 MB
        Both:  24.24 MB

MaxMetaspaceSize: unlimited
CompressedClassSpaceSize: 1.00 GB
Initial GC threshold: 21.00 MB
Current GC threshold: 21.00 MB
CDS: off
MetaspaceReclaimPolicy: balanced
 - commit_granule_bytes: 65536.
 - commit_granule_words: 8192.
 - virtual_space_node_default_size: 8388608.
 - enlarge_chunks_in_place: 1.
 - new_chunks_are_fully_committed: 0.
 - uncommit_free_chunks: 1.
 - use_allocation_guard: 0.
 - handle_deallocations: 1.


Internal statistics:

num_allocs_failed_limit: 0.
num_arena_births: 6.
num_arena_deaths: 0.
num_vsnodes_births: 2.
num_vsnodes_deaths: 0.
num_space_committed: 110.
num_space_uncommitted: 0.
num_chunks_returned_to_freelist: 0.
num_chunks_taken_from_freelist: 28.
num_chunk_merges: 0.
num_chunk_splits: 13.
num_chunks_enlarged: 6.
num_inconsistent_stats: 0.

CodeHeap 'non-profiled nmethods': size=120000Kb used=42Kb max_used=42Kb free=119957Kb
 bounds [0x0000023a57a90000, 0x0000023a57d00000, 0x0000023a5efc0000]
CodeHeap 'profiled nmethods': size=120000Kb used=233Kb max_used=233Kb free=119766Kb
 bounds [0x0000023a4ffc0000, 0x0000023a50230000, 0x0000023a574f0000]
CodeHeap 'non-nmethods': size=5760Kb used=1113Kb max_used=1127Kb free=4646Kb
 bounds [0x0000023a574f0000, 0x0000023a57760000, 0x0000023a57a90000]
 total_blobs=570 nmethods=176 adapters=307
 compilation: enabled
              stopped_count=0, restarted_count=0
 full_count=0

Compilation events (20 events):
Event: 0.191 Thread 0x0000023a68e1cf00 nmethod 168 0x0000023a57a99390 code [0x0000023a57a99500, 0x0000023a57a99598]
Event: 0.192 Thread 0x0000023a68e1cf00  170       4       java.lang.CharacterData::of (136 bytes)
Event: 0.192 Thread 0x0000023a6d070040 nmethod 166 0x0000023a4fff6310 code [0x0000023a4fff67a0, 0x0000023a4fff8578]
Event: 0.192 Thread 0x0000023a6d070040  167       3       java.math.BigInteger::destructiveMulAdd (150 bytes)
Event: 0.192 Thread 0x0000023a68e1cf00 nmethod 170 0x0000023a57a99690 code [0x0000023a57a99800, 0x0000023a57a99878]
Event: 0.192 Thread 0x0000023a68e1cf00  172       4       java.lang.String::length (11 bytes)
Event: 0.193 Thread 0x0000023a6d070040 nmethod 167 0x0000023a4fff9190 code [0x0000023a4fff9340, 0x0000023a4fff9698]
Event: 0.193 Thread 0x0000023a6d070040  169       3       java.lang.String::lastIndexOf (29 bytes)
Event: 0.193 Thread 0x0000023a6d070040 nmethod 169 0x0000023a4fff9890 code [0x0000023a4fff9a60, 0x0000023a4fff9d18]
Event: 0.193 Thread 0x0000023a6d070040  171       1       sun.security.util.KnownOIDs::value (5 bytes)
Event: 0.193 Thread 0x0000023a68e1cf00 nmethod 172 0x0000023a57a99990 code [0x0000023a57a99b00, 0x0000023a57a99b98]
Event: 0.193 Thread 0x0000023a68e1cf00  173       4       java.lang.CharacterDataLatin1::digit (32 bytes)
Event: 0.193 Thread 0x0000023a6d070040 nmethod 171 0x0000023a57a99c90 code [0x0000023a57a99e20, 0x0000023a57a99ef8]
Event: 0.193 Thread 0x0000023a6d070040  174       3       java.lang.String::lastIndexOf (12 bytes)
Event: 0.193 Thread 0x0000023a68e1cf00 nmethod 173 0x0000023a57a99f90 code [0x0000023a57a9a120, 0x0000023a57a9a218]
Event: 0.193 Thread 0x0000023a68e1cf00  175       4       java.lang.Character::digit (6 bytes)
Event: 0.193 Thread 0x0000023a6d070040 nmethod 174 0x0000023a4fff9e10 code [0x0000023a4fffa000, 0x0000023a4fffa418]
Event: 0.194 Thread 0x0000023a6d070040  176       3       java.math.BigInteger::<init> (404 bytes)
Event: 0.194 Thread 0x0000023a68e1cf00 nmethod 175 0x0000023a57a9a310 code [0x0000023a57a9a4a0, 0x0000023a57a9a598]
Event: 0.195 Thread 0x0000023a68e1cf00  178       4       java.math.BigInteger::destructiveMulAdd (150 bytes)

GC Heap History (0 events):
No events

Dll operation events (1 events):
Event: 0.012 Loaded shared library C:\Program Files\JetBrains\IntelliJ IDEA Community Edition 2023.2.3\jbr\bin\java.dll

Deoptimization events (0 events):
No events

Classes unloaded (0 events):
No events

Classes redefined (0 events):
No events

Internal exceptions (0 events):
No events

VM Operations (4 events):
Event: 0.128 Executing VM operation: HandshakeAllThreads
Event: 0.129 Executing VM operation: HandshakeAllThreads done
Event: 0.145 Executing VM operation: HandshakeAllThreads
Event: 0.145 Executing VM operation: HandshakeAllThreads done

Events (20 events):
Event: 0.189 loading class java/security/spec/ECPoint
Event: 0.189 loading class java/security/spec/ECPoint done
Event: 0.189 loading class sun/security/util/NamedCurve
Event: 0.189 loading class java/security/spec/ECParameterSpec
Event: 0.189 loading class java/security/spec/AlgorithmParameterSpec
Event: 0.189 loading class java/security/spec/AlgorithmParameterSpec done
Event: 0.189 loading class java/security/spec/ECParameterSpec done
Event: 0.189 loading class sun/security/util/NamedCurve done
Event: 0.189 loading class sun/security/util/DerOutputStream
Event: 0.190 loading class sun/security/util/DerEncoder
Event: 0.190 loading class sun/security/util/DerEncoder done
Event: 0.190 loading class sun/security/util/DerOutputStream done
Event: 0.190 loading class sun/security/util/ByteArrayLexOrder
Event: 0.190 loading class sun/security/util/ByteArrayLexOrder done
Event: 0.190 loading class sun/security/util/ByteArrayTagOrder
Event: 0.190 loading class sun/security/util/ByteArrayTagOrder done
Event: 0.190 loading class sun/security/util/ObjectIdentifier
Event: 0.190 loading class sun/security/util/ObjectIdentifier done
Event: 0.193 loading class java/security/spec/ECFieldF2m
Event: 0.193 loading class java/security/spec/ECFieldF2m done


Dynamic libraries:
0x00007ff74e610000 - 0x00007ff74e61a000 	C:\Program Files\JetBrains\IntelliJ IDEA Community Edition 2023.2.3\jbr\bin\java.exe
0x00007ffdd9430000 - 0x00007ffdd9628000 	C:\WINDOWS\SYSTEM32\ntdll.dll
0x00007ffdd8490000 - 0x00007ffdd854f000 	C:\WINDOWS\System32\KERNEL32.DLL
0x00007ffdd6d00000 - 0x00007ffdd6ff6000 	C:\WINDOWS\System32\KERNELBASE.dll
0x00007ffdd7000000 - 0x00007ffdd7100000 	C:\WINDOWS\System32\ucrtbase.dll
0x00007ffda0c60000 - 0x00007ffda0c77000 	C:\Program Files\JetBrains\IntelliJ IDEA Community Edition 2023.2.3\jbr\bin\jli.dll
0x00007ffdd8140000 - 0x00007ffdd82dd000 	C:\WINDOWS\System32\USER32.dll
0x00007ffdd6cd0000 - 0x00007ffdd6cf2000 	C:\WINDOWS\System32\win32u.dll
0x00007ffdbdb60000 - 0x00007ffdbdb7b000 	C:\Program Files\JetBrains\IntelliJ IDEA Community Edition 2023.2.3\jbr\bin\VCRUNTIME140.dll
0x00007ffdd90d0000 - 0x00007ffdd90fc000 	C:\WINDOWS\System32\GDI32.dll
0x00007ffdd7260000 - 0x00007ffdd7375000 	C:\WINDOWS\System32\gdi32full.dll
0x00007ffdd71c0000 - 0x00007ffdd725d000 	C:\WINDOWS\System32\msvcp_win.dll
0x00007ffdc21d0000 - 0x00007ffdc246a000 	C:\WINDOWS\WinSxS\amd64_microsoft.windows.common-controls_6595b64144ccf1df_6.0.19041.1110_none_60b5254171f9507e\COMCTL32.dll
0x00007ffdd7f80000 - 0x00007ffdd801e000 	C:\WINDOWS\System32\msvcrt.dll
0x00007ffdd7960000 - 0x00007ffdd7990000 	C:\WINDOWS\System32\IMM32.DLL
0x00007ffdc2660000 - 0x00007ffdc266c000 	C:\Program Files\JetBrains\IntelliJ IDEA Community Edition 2023.2.3\jbr\bin\vcruntime140_1.dll
0x00007ffda9ae0000 - 0x00007ffda9b6d000 	C:\Program Files\JetBrains\IntelliJ IDEA Community Edition 2023.2.3\jbr\bin\msvcp140.dll
0x00007ffda1400000 - 0x00007ffda2083000 	C:\Program Files\JetBrains\IntelliJ IDEA Community Edition 2023.2.3\jbr\bin\server\jvm.dll
0x00007ffdd9240000 - 0x00007ffdd92ef000 	C:\WINDOWS\System32\ADVAPI32.dll
0x00007ffdd9350000 - 0x00007ffdd93ec000 	C:\WINDOWS\System32\sechost.dll
0x00007ffdd7d10000 - 0x00007ffdd7e36000 	C:\WINDOWS\System32\RPCRT4.dll
0x00007ffdd60e0000 - 0x00007ffdd612b000 	C:\WINDOWS\SYSTEM32\POWRPROF.dll
0x00007ffdc7c40000 - 0x00007ffdc7c67000 	C:\WINDOWS\SYSTEM32\WINMM.dll
0x00007ffda3000000 - 0x00007ffda3009000 	C:\WINDOWS\SYSTEM32\WSOCK32.dll
0x00007ffdd7e40000 - 0x00007ffdd7eab000 	C:\WINDOWS\System32\WS2_32.dll
0x00007ffdd14b0000 - 0x00007ffdd14ba000 	C:\WINDOWS\SYSTEM32\VERSION.dll
0x00007ffdd5fa0000 - 0x00007ffdd5fb2000 	C:\WINDOWS\SYSTEM32\UMPDC.dll
0x00007ffdd4a40000 - 0x00007ffdd4a52000 	C:\WINDOWS\SYSTEM32\kernel.appcore.dll
0x00007ffda2ff0000 - 0x00007ffda2ffa000 	C:\Program Files\JetBrains\IntelliJ IDEA Community Edition 2023.2.3\jbr\bin\jimage.dll
0x00007ffdbd470000 - 0x00007ffdbd654000 	C:\WINDOWS\SYSTEM32\DBGHELP.DLL
0x00007ffdbd330000 - 0x00007ffdbd364000 	C:\WINDOWS\SYSTEM32\dbgcore.DLL
0x00007ffdd7100000 - 0x00007ffdd7182000 	C:\WINDOWS\System32\bcryptPrimitives.dll
0x00007ffda2fc0000 - 0x00007ffda2fe5000 	C:\Program Files\JetBrains\IntelliJ IDEA Community Edition 2023.2.3\jbr\bin\java.dll
0x00007ffda2fa0000 - 0x00007ffda2fb8000 	C:\Program Files\JetBrains\IntelliJ IDEA Community Edition 2023.2.3\jbr\bin\zip.dll
0x00007ffdd8550000 - 0x00007ffdd8c94000 	C:\WINDOWS\System32\SHELL32.dll
0x00007ffdd4c40000 - 0x00007ffdd53d3000 	C:\WINDOWS\SYSTEM32\windows.storage.dll
0x00007ffdd8ca0000 - 0x00007ffdd8ff4000 	C:\WINDOWS\System32\combase.dll
0x00007ffdd65c0000 - 0x00007ffdd65ee000 	C:\WINDOWS\SYSTEM32\Wldp.dll
0x00007ffdd7a50000 - 0x00007ffdd7afd000 	C:\WINDOWS\System32\SHCORE.dll
0x00007ffdd7f20000 - 0x00007ffdd7f75000 	C:\WINDOWS\System32\shlwapi.dll
0x00007ffdd6ab0000 - 0x00007ffdd6acf000 	C:\WINDOWS\SYSTEM32\profapi.dll
0x00007ffda2f80000 - 0x00007ffda2f99000 	C:\Program Files\JetBrains\IntelliJ IDEA Community Edition 2023.2.3\jbr\bin\net.dll
0x00007ffdcda30000 - 0x00007ffdcdb3a000 	C:\WINDOWS\SYSTEM32\WINHTTP.dll
0x00007ffdd6320000 - 0x00007ffdd638a000 	C:\WINDOWS\system32\mswsock.dll
0x00007ffda13e0000 - 0x00007ffda13f6000 	C:\Program Files\JetBrains\IntelliJ IDEA Community Edition 2023.2.3\jbr\bin\nio.dll

dbghelp: loaded successfully - version: 4.0.5 - missing functions: none
symbol engine: initialized successfully - sym options: 0x614 - pdb path: .;C:\Program Files\JetBrains\IntelliJ IDEA Community Edition 2023.2.3\jbr\bin;C:\WINDOWS\SYSTEM32;C:\WINDOWS\WinSxS\amd64_microsoft.windows.common-controls_6595b64144ccf1df_6.0.19041.1110_none_60b5254171f9507e;C:\Program Files\JetBrains\IntelliJ IDEA Community Edition 2023.2.3\jbr\bin\server

VM Arguments:
java_command: git4idea.http.GitAskPassApp Username for 'https://github.com': 
java_class_path (initial): C:/Program Files/JetBrains/IntelliJ IDEA Community Edition 2023.2.3/plugins/vcs-git/lib/git4idea-rt.jar;C:/Program Files/JetBrains/IntelliJ IDEA Community Edition 2023.2.3/lib/externalProcess-rt.jar
Launcher Type: SUN_STANDARD

[Global flags]
     intx CICompilerCount                          = 3                                         {product} {ergonomic}
     uint ConcGCThreads                            = 1                                         {product} {ergonomic}
     uint G1ConcRefinementThreads                  = 4                                         {product} {ergonomic}
   size_t G1HeapRegionSize                         = 2097152                                   {product} {ergonomic}
    uintx GCDrainStackTargetSize                   = 64                                        {product} {ergonomic}
   size_t InitialHeapSize                          = 201326592                                 {product} {ergonomic}
   size_t MarkStackSize                            = 4194304                                   {product} {ergonomic}
   size_t MaxHeapSize                              = 3208642560                                {product} {ergonomic}
   size_t MaxNewSize                               = 1925185536                                {product} {ergonomic}
   size_t MinHeapDeltaBytes                        = 2097152                                   {product} {ergonomic}
   size_t MinHeapSize                              = 8388608                                   {product} {ergonomic}
    uintx NonNMethodCodeHeapSize                   = 5832780                                {pd product} {ergonomic}
    uintx NonProfiledCodeHeapSize                  = 122912730                              {pd product} {ergonomic}
    uintx ProfiledCodeHeapSize                     = 122912730                              {pd product} {ergonomic}
    uintx ReservedCodeCacheSize                    = 251658240                              {pd product} {ergonomic}
     bool SegmentedCodeCache                       = true                                      {product} {ergonomic}
   size_t SoftMaxHeapSize                          = 3208642560                             {manageable} {ergonomic}
     bool UseCompressedClassPointers               = true                           {product lp64_product} {ergonomic}
     bool UseCompressedOops                        = true                           {product lp64_product} {ergonomic}
     bool UseG1GC                                  = true                                      {product} {ergonomic}
     bool UseLargePagesIndividualAllocation        = false                                  {pd product} {ergonomic}

Logging:
Log output configuration:
 #0: stdout all=warning uptime,level,tags
 #1: stderr all=off uptime,level,tags

Environment Variables:
PATH=C:\Program Files\Git\mingw64\libexec\git-core;C:\Program Files\Git\mingw64\libexec\git-core;C:\Program Files\Git\mingw64\bin;C:\Program Files\Git\usr\bin;C:\Users\Nino\bin;C:\Program Files\Eclipse Adoptium\jdk-17.0.8.101-hotspot\bin;C:\windows\system32;C:\windows;C:\windows\system32\wbem;C:\windows\system32\windowspowershell\v1.0;C:\windows\system32\openssh;C:\Program Files (x86)\NVIDIA Corporation\PhysX\Common;C:\Program Files (x86)\dotnet;C:\MAMP\bin\php\php8.1.0;C:\ProgramData\ComposerSetup\bin;C:\Program Files\Git\cmd;C:\Program Files\nodejs;C:\Users\Nino\AppData\Local\Microsoft\WindowsApps;C:\Users\Nino\AppData\Local\Programs\Microsoft VS Code\bin;C:\Users\Nino\AppData\Roaming\Composer\vendor\bin;C:\Users\Nino\AppData\Roaming\npm
USERNAME=Nino
DISPLAY=:0.0
LC_ALL=en_US.UTF-8
TERM=xterm-256color
TMPDIR=C:\Users\Nino\AppData\Local\Temp
OS=Windows_NT
PROCESSOR_IDENTIFIER=Intel64 Family 6 Model 58 Stepping 9, GenuineIntel
TMP=C:\Users\Nino\AppData\Local\Temp
TEMP=C:\Users\Nino\AppData\Local\Temp


JNI global refs:
JNI global refs: 7, weak refs: 0

JNI global refs memory usage: 843, weak refs: 209

OOME stack traces (most recent first):
Classloader memory used:
Loader bootstrap                                                                       : 852K
Loader jdk.internal.loader.ClassLoaders$PlatformClassLoader                            : 4746B
Loader jdk.internal.loader.ClassLoaders$AppClassLoader                                 : 1808B


---------------  S Y S T E M  ---------------

OS:
 Windows 10 , 64 bit Build 19041 (10.0.19041.3031)
OS uptime: 0 days 7:56 hours

CPU: total 4 (initial active 4) (4 cores per cpu, 1 threads per core) family 6 model 58 stepping 9 microcode 0x21, cx8, cmov, fxsr, mmx, sse, sse2, sse3, ssse3, sse4.1, sse4.2, popcnt, tsc, tscinvbit, avx, aes, erms, clmul, vzeroupper, clflush
Processor Information for all 4 processors :
  Max Mhz: 3401, Current Mhz: 3401, Mhz Limit: 3401

Memory: 4k page, system-wide physical 12232M (3406M free)
TotalPageFile size 14280M (AvailPageFile size 4M)
current process WorkingSet (physical memory assigned to process): 36M, peak: 36M
current process commit charge ("private bytes"): 265M, peak: 266M

vm_info: OpenJDK 64-Bit Server VM (17.0.8.1+7-b1000.32) for windows-amd64 JRE (17.0.8.1+7-b1000.32), built on 2023-09-15 by "builduser" with MS VC++ 16.10 / 16.11 (VS2019)

END.
